<?xml version="1.0" encoding="UTF-8"?>
<testsuite xmlns:xsi="http://www.w3.org/2001/XMLSchema-instance" xsi:noNamespaceSchemaLocation="https://maven.apache.org/surefire/maven-surefire-plugin/xsd/surefire-test-report-3.0.xsd" version="3.0" name="TestSuite" time="681.456" tests="5" errors="0" skipped="1" failures="0">
  <properties>
    <property name="java.specification.version" value="17"/>
    <property name="sun.jnu.encoding" value="UTF-8"/>
    <property name="java.class.path" value="/Users/jiwoochoi/.m2/repository/org/apache/maven/surefire/surefire-shared-utils/3.1.0/surefire-shared-utils-3.1.0.jar:/Users/jiwoochoi/.m2/repository/org/apache/maven/surefire/surefire-extensions-spi/3.1.0/surefire-extensions-spi-3.1.0.jar:/Users/jiwoochoi/.m2/repository/org/apache/maven/surefire/surefire-api/3.1.0/surefire-api-3.1.0.jar:/Users/jiwoochoi/.m2/repository/org/apache/maven/surefire/surefire-logger-api/3.1.0/surefire-logger-api-3.1.0.jar:/Users/jiwoochoi/.m2/repository/org/apache/maven/surefire/surefire-booter/3.1.0/surefire-booter-3.1.0.jar:/Users/jiwoochoi/Desktop/projects/Solvd_practice/carina/carina-demo/target/test-classes:/Users/jiwoochoi/Desktop/projects/Solvd_practice/carina/carina-demo/target/classes:/Users/jiwoochoi/.m2/repository/com/zebrunner/carina-core/1.1.3/carina-core-1.1.3.jar:/Users/jiwoochoi/.m2/repository/com/zebrunner/carina-webdriver/1.1.5/carina-webdriver-1.1.5.jar:/Users/jiwoochoi/.m2/repository/com/zebrunner/agent-testng-pluggable/1.9.6/agent-testng-pluggable-1.9.6.jar:/Users/jiwoochoi/.m2/repository/com/zebrunner/agent-core/1.9.6/agent-core-1.9.6.jar:/Users/jiwoochoi/.m2/repository/org/yaml/snakeyaml/1.30/snakeyaml-1.30.jar:/Users/jiwoochoi/.m2/repository/com/konghq/unirest-java/3.13.10/unirest-java-3.13.10.jar:/Users/jiwoochoi/.m2/repository/org/apache/httpcomponents/httpcore-nio/4.4.13/httpcore-nio-4.4.13.jar:/Users/jiwoochoi/.m2/repository/org/apache/httpcomponents/httpasyncclient/4.1.5/httpasyncclient-4.1.5.jar:/Users/jiwoochoi/.m2/repository/org/seleniumhq/selenium/selenium-support/4.7.0/selenium-support-4.7.0.jar:/Users/jiwoochoi/.m2/repository/org/seleniumhq/selenium/selenium-api/4.7.0/selenium-api-4.7.0.jar:/Users/jiwoochoi/.m2/repository/org/seleniumhq/selenium/selenium-remote-driver/4.7.0/selenium-remote-driver-4.7.0.jar:/Users/jiwoochoi/.m2/repository/io/netty/netty-buffer/4.1.84.Final/netty-buffer-4.1.84.Final.jar:/Users/jiwoochoi/.m2/repository/io/netty/netty-codec-http/4.1.84.Final/netty-codec-http-4.1.84.Final.jar:/Users/jiwoochoi/.m2/repository/io/netty/netty-common/4.1.84.Final/netty-common-4.1.84.Final.jar:/Users/jiwoochoi/.m2/repository/io/netty/netty-transport-classes-epoll/4.1.84.Final/netty-transport-classes-epoll-4.1.84.Final.jar:/Users/jiwoochoi/.m2/repository/io/netty/netty-transport-classes-kqueue/4.1.84.Final/netty-transport-classes-kqueue-4.1.84.Final.jar:/Users/jiwoochoi/.m2/repository/io/netty/netty-transport-native-epoll/4.1.84.Final/netty-transport-native-epoll-4.1.84.Final.jar:/Users/jiwoochoi/.m2/repository/io/netty/netty-transport-native-kqueue/4.1.84.Final/netty-transport-native-kqueue-4.1.84.Final.jar:/Users/jiwoochoi/.m2/repository/io/netty/netty-transport-native-unix-common/4.1.84.Final/netty-transport-native-unix-common-4.1.84.Final.jar:/Users/jiwoochoi/.m2/repository/io/netty/netty-transport/4.1.84.Final/netty-transport-4.1.84.Final.jar:/Users/jiwoochoi/.m2/repository/io/netty/netty-resolver/4.1.84.Final/netty-resolver-4.1.84.Final.jar:/Users/jiwoochoi/.m2/repository/io/opentelemetry/opentelemetry-api/1.19.0/opentelemetry-api-1.19.0.jar:/Users/jiwoochoi/.m2/repository/io/opentelemetry/opentelemetry-context/1.19.0/opentelemetry-context-1.19.0.jar:/Users/jiwoochoi/.m2/repository/io/opentelemetry/opentelemetry-exporter-logging/1.19.0/opentelemetry-exporter-logging-1.19.0.jar:/Users/jiwoochoi/.m2/repository/io/opentelemetry/opentelemetry-sdk-metrics/1.19.0/opentelemetry-sdk-metrics-1.19.0.jar:/Users/jiwoochoi/.m2/repository/io/opentelemetry/opentelemetry-sdk-logs/1.19.0-alpha/opentelemetry-sdk-logs-1.19.0-alpha.jar:/Users/jiwoochoi/.m2/repository/io/opentelemetry/opentelemetry-api-logs/1.19.0-alpha/opentelemetry-api-logs-1.19.0-alpha.jar:/Users/jiwoochoi/.m2/repository/io/opentelemetry/opentelemetry-sdk-common/1.19.0/opentelemetry-sdk-common-1.19.0.jar:/Users/jiwoochoi/.m2/repository/io/opentelemetry/opentelemetry-sdk-extension-autoconfigure-spi/1.19.0/opentelemetry-sdk-extension-autoconfigure-spi-1.19.0.jar:/Users/jiwoochoi/.m2/repository/io/opentelemetry/opentelemetry-sdk-extension-autoconfigure/1.19.0-alpha/opentelemetry-sdk-extension-autoconfigure-1.19.0-alpha.jar:/Users/jiwoochoi/.m2/repository/io/opentelemetry/opentelemetry-exporter-common/1.19.0/opentelemetry-exporter-common-1.19.0.jar:/Users/jiwoochoi/.m2/repository/io/opentelemetry/opentelemetry-sdk-trace/1.19.0/opentelemetry-sdk-trace-1.19.0.jar:/Users/jiwoochoi/.m2/repository/io/opentelemetry/opentelemetry-sdk/1.19.0/opentelemetry-sdk-1.19.0.jar:/Users/jiwoochoi/.m2/repository/io/opentelemetry/opentelemetry-semconv/1.19.0-alpha/opentelemetry-semconv-1.19.0-alpha.jar:/Users/jiwoochoi/.m2/repository/io/ous/jtoml/2.0.0/jtoml-2.0.0.jar:/Users/jiwoochoi/.m2/repository/org/apache/commons/commons-exec/1.3/commons-exec-1.3.jar:/Users/jiwoochoi/.m2/repository/org/asynchttpclient/async-http-client/2.12.3/async-http-client-2.12.3.jar:/Users/jiwoochoi/.m2/repository/org/asynchttpclient/async-http-client-netty-utils/2.12.3/async-http-client-netty-utils-2.12.3.jar:/Users/jiwoochoi/.m2/repository/io/netty/netty-codec-socks/4.1.60.Final/netty-codec-socks-4.1.60.Final.jar:/Users/jiwoochoi/.m2/repository/org/reactivestreams/reactive-streams/1.0.3/reactive-streams-1.0.3.jar:/Users/jiwoochoi/.m2/repository/com/typesafe/netty/netty-reactive-streams/2.0.4/netty-reactive-streams-2.0.4.jar:/Users/jiwoochoi/.m2/repository/com/sun/activation/jakarta.activation/1.2.2/jakarta.activation-1.2.2.jar:/Users/jiwoochoi/.m2/repository/org/seleniumhq/selenium/selenium-http/4.7.0/selenium-http-4.7.0.jar:/Users/jiwoochoi/.m2/repository/dev/failsafe/failsafe/3.3.0/failsafe-3.3.0.jar:/Users/jiwoochoi/.m2/repository/org/seleniumhq/selenium/selenium-manager/4.7.0/selenium-manager-4.7.0.jar:/Users/jiwoochoi/.m2/repository/io/appium/java-client/8.3.0/java-client-8.3.0.jar:/Users/jiwoochoi/.m2/repository/cglib/cglib/3.3.0/cglib-3.3.0.jar:/Users/jiwoochoi/.m2/repository/org/ow2/asm/asm/7.1/asm-7.1.jar:/Users/jiwoochoi/.m2/repository/com/github/kklisura/cdt/cdt-java-client/4.0.0/cdt-java-client-4.0.0.jar:/Users/jiwoochoi/.m2/repository/javax/websocket/javax.websocket-api/1.1/javax.websocket-api-1.1.jar:/Users/jiwoochoi/.m2/repository/org/glassfish/tyrus/tyrus-container-grizzly-client/1.13.1/tyrus-container-grizzly-client-1.13.1.jar:/Users/jiwoochoi/.m2/repository/org/glassfish/grizzly/grizzly-framework/2.3.25/grizzly-framework-2.3.25.jar:/Users/jiwoochoi/.m2/repository/org/glassfish/grizzly/grizzly-http-server/2.3.25/grizzly-http-server-2.3.25.jar:/Users/jiwoochoi/.m2/repository/org/glassfish/grizzly/grizzly-http/2.3.25/grizzly-http-2.3.25.jar:/Users/jiwoochoi/.m2/repository/org/glassfish/tyrus/tyrus-client/1.13.1/tyrus-client-1.13.1.jar:/Users/jiwoochoi/.m2/repository/org/glassfish/tyrus/tyrus-core/1.13.1/tyrus-core-1.13.1.jar:/Users/jiwoochoi/.m2/repository/org/glassfish/tyrus/tyrus-spi/1.13.1/tyrus-spi-1.13.1.jar:/Users/jiwoochoi/.m2/repository/org/apache/pdfbox/pdfbox/2.0.28/pdfbox-2.0.28.jar:/Users/jiwoochoi/.m2/repository/org/apache/pdfbox/fontbox/2.0.28/fontbox-2.0.28.jar:/Users/jiwoochoi/.m2/repository/ru/yandex/qatools/ashot/ashot/1.5.4/ashot-1.5.4.jar:/Users/jiwoochoi/.m2/repository/joda-time/joda-time/2.9.9/joda-time-2.9.9.jar:/Users/jiwoochoi/.m2/repository/com/itextpdf/itextpdf/5.5.13.3/itextpdf-5.5.13.3.jar:/Users/jiwoochoi/.m2/repository/org/reflections/reflections/0.10.2/reflections-0.10.2.jar:/Users/jiwoochoi/.m2/repository/com/sun/jersey/jersey-core/1.19.4/jersey-core-1.19.4.jar:/Users/jiwoochoi/.m2/repository/javax/ws/rs/jsr311-api/1.1.1/jsr311-api-1.1.1.jar:/Users/jiwoochoi/.m2/repository/commons-collections/commons-collections/3.2.2/commons-collections-3.2.2.jar:/Users/jiwoochoi/.m2/repository/org/hamcrest/hamcrest-core/1.3/hamcrest-core-1.3.jar:/Users/jiwoochoi/.m2/repository/org/hamcrest/hamcrest-all/1.3/hamcrest-all-1.3.jar:/Users/jiwoochoi/.m2/repository/org/apache/logging/log4j/log4j-slf4j-impl/2.17.1/log4j-slf4j-impl-2.17.1.jar:/Users/jiwoochoi/.m2/repository/com/nordstrom/tools/testng-foundation/2.0.1/testng-foundation-2.0.1.jar:/Users/jiwoochoi/.m2/repository/com/nordstrom/tools/java-utils/1.9.3/java-utils-1.9.3.jar:/Users/jiwoochoi/.m2/repository/com/nordstrom/tools/settings/2.3.3/settings-2.3.3.jar:/Users/jiwoochoi/.m2/repository/commons-beanutils/commons-beanutils/1.9.4/commons-beanutils-1.9.4.jar:/Users/jiwoochoi/.m2/repository/com/zebrunner/carina-dataprovider/1.1.3/carina-dataprovider-1.1.3.jar:/Users/jiwoochoi/.m2/repository/com/zebrunner/carina-utils/1.1.5/carina-utils-1.1.5.jar:/Users/jiwoochoi/.m2/repository/com/zebrunner/carina-crypto/1.0.1/carina-crypto-1.0.1.jar:/Users/jiwoochoi/.m2/repository/commons-cli/commons-cli/1.5.0/commons-cli-1.5.0.jar:/Users/jiwoochoi/.m2/repository/org/apache/commons/commons-lang3/3.12.0/commons-lang3-3.12.0.jar:/Users/jiwoochoi/.m2/repository/com/sun/jna/jna/3.0.9/jna-3.0.9.jar:/Users/jiwoochoi/.m2/repository/org/mongodb/mongo-java-driver/2.11.3/mongo-java-driver-2.11.3.jar:/Users/jiwoochoi/.m2/repository/commons-net/commons-net/3.9.0/commons-net-3.9.0.jar:/Users/jiwoochoi/.m2/repository/org/imgscalr/imgscalr-lib/4.2/imgscalr-lib-4.2.jar:/Users/jiwoochoi/.m2/repository/net/sf/opencsv/opencsv/1.7/opencsv-1.7.jar:/Users/jiwoochoi/.m2/repository/org/apache/poi/poi-ooxml/4.1.2/poi-ooxml-4.1.2.jar:/Users/jiwoochoi/.m2/repository/org/apache/poi/poi/4.1.2/poi-4.1.2.jar:/Users/jiwoochoi/.m2/repository/org/apache/commons/commons-collections4/4.4/commons-collections4-4.4.jar:/Users/jiwoochoi/.m2/repository/org/apache/commons/commons-math3/3.6.1/commons-math3-3.6.1.jar:/Users/jiwoochoi/.m2/repository/com/zaxxer/SparseBitSet/1.2/SparseBitSet-1.2.jar:/Users/jiwoochoi/.m2/repository/org/apache/poi/poi-ooxml-schemas/4.1.2/poi-ooxml-schemas-4.1.2.jar:/Users/jiwoochoi/.m2/repository/org/apache/xmlbeans/xmlbeans/3.1.0/xmlbeans-3.1.0.jar:/Users/jiwoochoi/.m2/repository/org/apache/commons/commons-compress/1.19/commons-compress-1.19.jar:/Users/jiwoochoi/.m2/repository/com/github/virtuald/curvesapi/1.06/curvesapi-1.06.jar:/Users/jiwoochoi/.m2/repository/org/testng/testng/7.7.1/testng-7.7.1.jar:/Users/jiwoochoi/.m2/repository/com/beust/jcommander/1.82/jcommander-1.82.jar:/Users/jiwoochoi/.m2/repository/org/webjars/jquery/3.6.1/jquery-3.6.1.jar:/Users/jiwoochoi/.m2/repository/com/zebrunner/carina-api/1.1.3/carina-api-1.1.3.jar:/Users/jiwoochoi/.m2/repository/org/apache/httpcomponents/httpclient/4.5.13/httpclient-4.5.13.jar:/Users/jiwoochoi/.m2/repository/org/apache/httpcomponents/httpcore/4.4.13/httpcore-4.4.13.jar:/Users/jiwoochoi/.m2/repository/commons-logging/commons-logging/1.2/commons-logging-1.2.jar:/Users/jiwoochoi/.m2/repository/commons-codec/commons-codec/1.11/commons-codec-1.11.jar:/Users/jiwoochoi/.m2/repository/commons-io/commons-io/2.7/commons-io-2.7.jar:/Users/jiwoochoi/.m2/repository/io/rest-assured/rest-assured/4.3.0/rest-assured-4.3.0.jar:/Users/jiwoochoi/.m2/repository/org/codehaus/groovy/groovy/3.0.2/groovy-3.0.2.jar:/Users/jiwoochoi/.m2/repository/org/codehaus/groovy/groovy-xml/3.0.2/groovy-xml-3.0.2.jar:/Users/jiwoochoi/.m2/repository/org/apache/httpcomponents/httpmime/4.5.3/httpmime-4.5.3.jar:/Users/jiwoochoi/.m2/repository/org/hamcrest/hamcrest/2.1/hamcrest-2.1.jar:/Users/jiwoochoi/.m2/repository/org/ccil/cowan/tagsoup/tagsoup/1.2.1/tagsoup-1.2.1.jar:/Users/jiwoochoi/.m2/repository/io/rest-assured/xml-path/4.3.0/xml-path-4.3.0.jar:/Users/jiwoochoi/.m2/repository/jakarta/xml/bind/jakarta.xml.bind-api/2.3.2/jakarta.xml.bind-api-2.3.2.jar:/Users/jiwoochoi/.m2/repository/jakarta/activation/jakarta.activation-api/1.2.1/jakarta.activation-api-1.2.1.jar:/Users/jiwoochoi/.m2/repository/com/sun/xml/bind/jaxb-osgi/2.3.0.1/jaxb-osgi-2.3.0.1.jar:/Users/jiwoochoi/.m2/repository/org/apache/sling/org.apache.sling.javax.activation/0.1.0/org.apache.sling.javax.activation-0.1.0.jar:/Users/jiwoochoi/.m2/repository/io/rest-assured/json-path/4.3.0/json-path-4.3.0.jar:/Users/jiwoochoi/.m2/repository/org/codehaus/groovy/groovy-json/3.0.2/groovy-json-3.0.2.jar:/Users/jiwoochoi/.m2/repository/io/rest-assured/rest-assured-common/4.3.0/rest-assured-common-4.3.0.jar:/Users/jiwoochoi/.m2/repository/com/google/code/gson/gson/2.9.0/gson-2.9.0.jar:/Users/jiwoochoi/.m2/repository/javax/xml/bind/jaxb-api/2.2.2/jaxb-api-2.2.2.jar:/Users/jiwoochoi/.m2/repository/javax/xml/stream/stax-api/1.0-2/stax-api-1.0-2.jar:/Users/jiwoochoi/.m2/repository/javax/activation/activation/1.1/activation-1.1.jar:/Users/jiwoochoi/.m2/repository/com/fasterxml/jackson/core/jackson-core/2.14.1/jackson-core-2.14.1.jar:/Users/jiwoochoi/.m2/repository/com/fasterxml/jackson/core/jackson-databind/2.14.1/jackson-databind-2.14.1.jar:/Users/jiwoochoi/.m2/repository/com/fasterxml/jackson/core/jackson-annotations/2.14.1/jackson-annotations-2.14.1.jar:/Users/jiwoochoi/.m2/repository/org/apache/commons/commons-configuration2/2.8.0/commons-configuration2-2.8.0.jar:/Users/jiwoochoi/.m2/repository/org/apache/commons/commons-text/1.10.0/commons-text-1.10.0.jar:/Users/jiwoochoi/.m2/repository/org/freemarker/freemarker/2.3.31/freemarker-2.3.31.jar:/Users/jiwoochoi/.m2/repository/org/skyscreamer/jsonassert/1.5.0/jsonassert-1.5.0.jar:/Users/jiwoochoi/.m2/repository/ognl/ognl/3.3.2/ognl-3.3.2.jar:/Users/jiwoochoi/.m2/repository/org/javassist/javassist/3.28.0-GA/javassist-3.28.0-GA.jar:/Users/jiwoochoi/.m2/repository/org/xmlunit/xmlunit-assertj3/2.8.2/xmlunit-assertj3-2.8.2.jar:/Users/jiwoochoi/.m2/repository/org/xmlunit/xmlunit-core/2.8.2/xmlunit-core-2.8.2.jar:/Users/jiwoochoi/.m2/repository/org/assertj/assertj-core/3.18.1/assertj-core-3.18.1.jar:/Users/jiwoochoi/.m2/repository/io/rest-assured/json-schema-validator/4.3.0/json-schema-validator-4.3.0.jar:/Users/jiwoochoi/.m2/repository/com/github/java-json-tools/json-schema-validator/2.2.10/json-schema-validator-2.2.10.jar:/Users/jiwoochoi/.m2/repository/com/github/java-json-tools/json-schema-core/1.2.10/json-schema-core-1.2.10.jar:/Users/jiwoochoi/.m2/repository/com/github/java-json-tools/jackson-coreutils/1.9/jackson-coreutils-1.9.jar:/Users/jiwoochoi/.m2/repository/com/github/fge/msg-simple/1.1/msg-simple-1.1.jar:/Users/jiwoochoi/.m2/repository/com/github/fge/btf/1.2/btf-1.2.jar:/Users/jiwoochoi/.m2/repository/com/github/fge/uri-template/0.9/uri-template-0.9.jar:/Users/jiwoochoi/.m2/repository/org/mozilla/rhino/1.7.7.1/rhino-1.7.7.1.jar:/Users/jiwoochoi/.m2/repository/javax/mail/mailapi/1.4.3/mailapi-1.4.3.jar:/Users/jiwoochoi/.m2/repository/com/googlecode/libphonenumber/libphonenumber/8.0.0/libphonenumber-8.0.0.jar:/Users/jiwoochoi/.m2/repository/net/sf/jopt-simple/jopt-simple/5.0.3/jopt-simple-5.0.3.jar:/Users/jiwoochoi/.m2/repository/org/everit/json/org.everit.json.schema/1.5.1/org.everit.json.schema-1.5.1.jar:/Users/jiwoochoi/.m2/repository/commons-validator/commons-validator/1.5.1/commons-validator-1.5.1.jar:/Users/jiwoochoi/.m2/repository/commons-digester/commons-digester/1.8.1/commons-digester-1.8.1.jar:/Users/jiwoochoi/.m2/repository/org/json/json/20160810/json-20160810.jar:/Users/jiwoochoi/.m2/repository/com/jayway/jsonpath/json-path/2.5.0/json-path-2.5.0.jar:/Users/jiwoochoi/.m2/repository/net/minidev/json-smart/2.3/json-smart-2.3.jar:/Users/jiwoochoi/.m2/repository/net/minidev/accessors-smart/1.2/accessors-smart-1.2.jar:/Users/jiwoochoi/.m2/repository/com/zebrunner/carina-aws-s3/1.1.4/carina-aws-s3-1.1.4.jar:/Users/jiwoochoi/.m2/repository/com/zebrunner/carina-commons/1.0.2/carina-commons-1.0.2.jar:/Users/jiwoochoi/.m2/repository/com/amazonaws/aws-java-sdk-s3/1.12.429/aws-java-sdk-s3-1.12.429.jar:/Users/jiwoochoi/.m2/repository/com/amazonaws/aws-java-sdk-core/1.12.429/aws-java-sdk-core-1.12.429.jar:/Users/jiwoochoi/.m2/repository/software/amazon/ion/ion-java/1.0.2/ion-java-1.0.2.jar:/Users/jiwoochoi/.m2/repository/com/fasterxml/jackson/dataformat/jackson-dataformat-cbor/2.12.6/jackson-dataformat-cbor-2.12.6.jar:/Users/jiwoochoi/.m2/repository/com/zebrunner/carina-azure/1.1.4/carina-azure-1.1.4.jar:/Users/jiwoochoi/.m2/repository/com/azure/azure-storage-blob/12.21.1/azure-storage-blob-12.21.1.jar:/Users/jiwoochoi/.m2/repository/com/azure/azure-core/1.37.0/azure-core-1.37.0.jar:/Users/jiwoochoi/.m2/repository/com/fasterxml/jackson/datatype/jackson-datatype-jsr310/2.13.5/jackson-datatype-jsr310-2.13.5.jar:/Users/jiwoochoi/.m2/repository/io/projectreactor/reactor-core/3.4.27/reactor-core-3.4.27.jar:/Users/jiwoochoi/.m2/repository/com/azure/azure-core-http-netty/1.13.1/azure-core-http-netty-1.13.1.jar:/Users/jiwoochoi/.m2/repository/io/netty/netty-handler/4.1.89.Final/netty-handler-4.1.89.Final.jar:/Users/jiwoochoi/.m2/repository/io/netty/netty-handler-proxy/4.1.89.Final/netty-handler-proxy-4.1.89.Final.jar:/Users/jiwoochoi/.m2/repository/io/netty/netty-codec/4.1.89.Final/netty-codec-4.1.89.Final.jar:/Users/jiwoochoi/.m2/repository/io/netty/netty-codec-http2/4.1.89.Final/netty-codec-http2-4.1.89.Final.jar:/Users/jiwoochoi/.m2/repository/io/netty/netty-transport-native-epoll/4.1.89.Final/netty-transport-native-epoll-4.1.89.Final-linux-x86_64.jar:/Users/jiwoochoi/.m2/repository/io/netty/netty-transport-native-kqueue/4.1.89.Final/netty-transport-native-kqueue-4.1.89.Final-osx-x86_64.jar:/Users/jiwoochoi/.m2/repository/io/netty/netty-tcnative-boringssl-static/2.0.56.Final/netty-tcnative-boringssl-static-2.0.56.Final.jar:/Users/jiwoochoi/.m2/repository/io/netty/netty-tcnative-classes/2.0.56.Final/netty-tcnative-classes-2.0.56.Final.jar:/Users/jiwoochoi/.m2/repository/io/netty/netty-tcnative-boringssl-static/2.0.56.Final/netty-tcnative-boringssl-static-2.0.56.Final-linux-x86_64.jar:/Users/jiwoochoi/.m2/repository/io/netty/netty-tcnative-boringssl-static/2.0.56.Final/netty-tcnative-boringssl-static-2.0.56.Final-linux-aarch_64.jar:/Users/jiwoochoi/.m2/repository/io/netty/netty-tcnative-boringssl-static/2.0.56.Final/netty-tcnative-boringssl-static-2.0.56.Final-osx-x86_64.jar:/Users/jiwoochoi/.m2/repository/io/netty/netty-tcnative-boringssl-static/2.0.56.Final/netty-tcnative-boringssl-static-2.0.56.Final-osx-aarch_64.jar:/Users/jiwoochoi/.m2/repository/io/netty/netty-tcnative-boringssl-static/2.0.56.Final/netty-tcnative-boringssl-static-2.0.56.Final-windows-x86_64.jar:/Users/jiwoochoi/.m2/repository/io/projectreactor/netty/reactor-netty-http/1.0.28/reactor-netty-http-1.0.28.jar:/Users/jiwoochoi/.m2/repository/io/netty/netty-resolver-dns/4.1.89.Final/netty-resolver-dns-4.1.89.Final.jar:/Users/jiwoochoi/.m2/repository/io/netty/netty-codec-dns/4.1.89.Final/netty-codec-dns-4.1.89.Final.jar:/Users/jiwoochoi/.m2/repository/io/netty/netty-resolver-dns-native-macos/4.1.89.Final/netty-resolver-dns-native-macos-4.1.89.Final-osx-x86_64.jar:/Users/jiwoochoi/.m2/repository/io/netty/netty-resolver-dns-classes-macos/4.1.89.Final/netty-resolver-dns-classes-macos-4.1.89.Final.jar:/Users/jiwoochoi/.m2/repository/io/projectreactor/netty/reactor-netty-core/1.0.28/reactor-netty-core-1.0.28.jar:/Users/jiwoochoi/.m2/repository/com/azure/azure-storage-common/12.20.1/azure-storage-common-12.20.1.jar:/Users/jiwoochoi/.m2/repository/com/azure/azure-storage-internal-avro/12.6.1/azure-storage-internal-avro-12.6.1.jar:/Users/jiwoochoi/.m2/repository/com/fasterxml/jackson/dataformat/jackson-dataformat-xml/2.13.5/jackson-dataformat-xml-2.13.5.jar:/Users/jiwoochoi/.m2/repository/org/codehaus/woodstox/stax2-api/4.2.1/stax2-api-4.2.1.jar:/Users/jiwoochoi/.m2/repository/com/fasterxml/woodstox/woodstox-core/6.4.0/woodstox-core-6.4.0.jar:/Users/jiwoochoi/.m2/repository/com/zebrunner/carina-appcenter/1.1.4/carina-appcenter-1.1.4.jar:/Users/jiwoochoi/.m2/repository/org/springframework/spring-web/5.3.19/spring-web-5.3.19.jar:/Users/jiwoochoi/.m2/repository/org/springframework/spring-beans/5.3.19/spring-beans-5.3.19.jar:/Users/jiwoochoi/.m2/repository/org/springframework/spring-core/5.3.19/spring-core-5.3.19.jar:/Users/jiwoochoi/.m2/repository/org/springframework/spring-jcl/5.3.19/spring-jcl-5.3.19.jar:/Users/jiwoochoi/.m2/repository/com/google/guava/guava/31.1-jre/guava-31.1-jre.jar:/Users/jiwoochoi/.m2/repository/com/google/guava/failureaccess/1.0.1/failureaccess-1.0.1.jar:/Users/jiwoochoi/.m2/repository/com/google/guava/listenablefuture/9999.0-empty-to-avoid-conflict-with-guava/listenablefuture-9999.0-empty-to-avoid-conflict-with-guava.jar:/Users/jiwoochoi/.m2/repository/com/google/code/findbugs/jsr305/3.0.2/jsr305-3.0.2.jar:/Users/jiwoochoi/.m2/repository/com/google/errorprone/error_prone_annotations/2.11.0/error_prone_annotations-2.11.0.jar:/Users/jiwoochoi/.m2/repository/com/google/j2objc/j2objc-annotations/1.3/j2objc-annotations-1.3.jar:/Users/jiwoochoi/.m2/repository/org/slf4j/slf4j-api/1.7.30/slf4j-api-1.7.30.jar:/Users/jiwoochoi/.m2/repository/org/apache/logging/log4j/log4j-api/2.17.1/log4j-api-2.17.1.jar:/Users/jiwoochoi/.m2/repository/org/apache/logging/log4j/log4j-core/2.17.1/log4j-core-2.17.1.jar:/Users/jiwoochoi/.m2/repository/net/bytebuddy/byte-buddy/1.12.18/byte-buddy-1.12.18.jar:/Users/jiwoochoi/.m2/repository/org/mybatis/mybatis/3.5.6/mybatis-3.5.6.jar:/Users/jiwoochoi/.m2/repository/org/postgresql/postgresql/42.5.3/postgresql-42.5.3.jar:/Users/jiwoochoi/.m2/repository/org/checkerframework/checker-qual/3.5.0/checker-qual-3.5.0.jar:/Users/jiwoochoi/.m2/repository/org/seleniumhq/selenium/selenium-java/4.0.0/selenium-java-4.0.0.jar:/Users/jiwoochoi/.m2/repository/org/seleniumhq/selenium/selenium-chrome-driver/4.0.0/selenium-chrome-driver-4.0.0.jar:/Users/jiwoochoi/.m2/repository/com/google/auto/service/auto-service-annotations/1.0/auto-service-annotations-1.0.jar:/Users/jiwoochoi/.m2/repository/com/google/auto/service/auto-service/1.0/auto-service-1.0.jar:/Users/jiwoochoi/.m2/repository/com/google/auto/auto-common/1.0/auto-common-1.0.jar:/Users/jiwoochoi/.m2/repository/org/seleniumhq/selenium/selenium-chromium-driver/4.0.0/selenium-chromium-driver-4.0.0.jar:/Users/jiwoochoi/.m2/repository/org/seleniumhq/selenium/selenium-json/4.0.0/selenium-json-4.0.0.jar:/Users/jiwoochoi/.m2/repository/org/seleniumhq/selenium/selenium-devtools-v85/4.0.0/selenium-devtools-v85-4.0.0.jar:/Users/jiwoochoi/.m2/repository/org/seleniumhq/selenium/selenium-devtools-v93/4.0.0/selenium-devtools-v93-4.0.0.jar:/Users/jiwoochoi/.m2/repository/org/seleniumhq/selenium/selenium-devtools-v94/4.0.0/selenium-devtools-v94-4.0.0.jar:/Users/jiwoochoi/.m2/repository/org/seleniumhq/selenium/selenium-devtools-v95/4.0.0/selenium-devtools-v95-4.0.0.jar:/Users/jiwoochoi/.m2/repository/org/seleniumhq/selenium/selenium-edge-driver/4.0.0/selenium-edge-driver-4.0.0.jar:/Users/jiwoochoi/.m2/repository/org/seleniumhq/selenium/selenium-firefox-driver/4.0.0/selenium-firefox-driver-4.0.0.jar:/Users/jiwoochoi/.m2/repository/org/seleniumhq/selenium/selenium-firefox-xpi-driver/4.0.0/selenium-firefox-xpi-driver-4.0.0.jar:/Users/jiwoochoi/.m2/repository/org/seleniumhq/selenium/selenium-ie-driver/4.0.0/selenium-ie-driver-4.0.0.jar:/Users/jiwoochoi/.m2/repository/org/seleniumhq/selenium/selenium-opera-driver/4.0.0/selenium-opera-driver-4.0.0.jar:/Users/jiwoochoi/.m2/repository/org/seleniumhq/selenium/selenium-safari-driver/4.0.0/selenium-safari-driver-4.0.0.jar:/Users/jiwoochoi/.m2/repository/org/apache/maven/surefire/surefire-testng/3.1.0/surefire-testng-3.1.0.jar:/Users/jiwoochoi/.m2/repository/org/apache/maven/surefire/common-java5/3.1.0/common-java5-3.1.0.jar:/Users/jiwoochoi/.m2/repository/org/apache/maven/surefire/surefire-grouper/3.1.0/surefire-grouper-3.1.0.jar:/Users/jiwoochoi/.m2/repository/org/apache/maven/surefire/surefire-testng-utils/3.1.0/surefire-testng-utils-3.1.0.jar"/>
    <property name="java.vm.vendor" value="Oracle Corporation"/>
    <property name="sun.arch.data.model" value="64"/>
    <property name="sun.font.fontmanager" value="sun.font.CFontManager"/>
    <property name="java.vendor.url" value="https://java.oracle.com/"/>
    <property name="user.timezone" value="America/Los_Angeles"/>
    <property name="os.name" value="Mac OS X"/>
    <property name="java.vm.specification.version" value="17"/>
    <property name="reporting.enabled" value="false"/>
    <property name="sun.java.launcher" value="SUN_STANDARD"/>
    <property name="user.country" value="US"/>
    <property name="sun.boot.library.path" value="/Library/Java/JavaVirtualMachines/jdk-17.0.5.jdk/Contents/Home/lib"/>
    <property name="sun.java.command" value="org.apache.maven.surefire.booter.ForkedBooter /Users/jiwoochoi/Desktop/projects/Solvd_practice/carina/carina-demo/target/surefire 2023-07-25T00-12-44_510-jvmRun1 surefire-20230725001244626_1tmp surefire_0-20230725001244626_2tmp"/>
    <property name="http.nonProxyHosts" value="local|*.local|169.254/16|*.169.254/16"/>
    <property name="jdk.debug" value="release"/>
    <property name="surefire.test.class.path" value="/Users/jiwoochoi/Desktop/projects/Solvd_practice/carina/carina-demo/target/test-classes:/Users/jiwoochoi/Desktop/projects/Solvd_practice/carina/carina-demo/target/classes:/Users/jiwoochoi/.m2/repository/com/zebrunner/carina-core/1.1.3/carina-core-1.1.3.jar:/Users/jiwoochoi/.m2/repository/com/zebrunner/carina-webdriver/1.1.5/carina-webdriver-1.1.5.jar:/Users/jiwoochoi/.m2/repository/com/zebrunner/agent-testng-pluggable/1.9.6/agent-testng-pluggable-1.9.6.jar:/Users/jiwoochoi/.m2/repository/com/zebrunner/agent-core/1.9.6/agent-core-1.9.6.jar:/Users/jiwoochoi/.m2/repository/org/yaml/snakeyaml/1.30/snakeyaml-1.30.jar:/Users/jiwoochoi/.m2/repository/com/konghq/unirest-java/3.13.10/unirest-java-3.13.10.jar:/Users/jiwoochoi/.m2/repository/org/apache/httpcomponents/httpcore-nio/4.4.13/httpcore-nio-4.4.13.jar:/Users/jiwoochoi/.m2/repository/org/apache/httpcomponents/httpasyncclient/4.1.5/httpasyncclient-4.1.5.jar:/Users/jiwoochoi/.m2/repository/org/seleniumhq/selenium/selenium-support/4.7.0/selenium-support-4.7.0.jar:/Users/jiwoochoi/.m2/repository/org/seleniumhq/selenium/selenium-api/4.7.0/selenium-api-4.7.0.jar:/Users/jiwoochoi/.m2/repository/org/seleniumhq/selenium/selenium-remote-driver/4.7.0/selenium-remote-driver-4.7.0.jar:/Users/jiwoochoi/.m2/repository/io/netty/netty-buffer/4.1.84.Final/netty-buffer-4.1.84.Final.jar:/Users/jiwoochoi/.m2/repository/io/netty/netty-codec-http/4.1.84.Final/netty-codec-http-4.1.84.Final.jar:/Users/jiwoochoi/.m2/repository/io/netty/netty-common/4.1.84.Final/netty-common-4.1.84.Final.jar:/Users/jiwoochoi/.m2/repository/io/netty/netty-transport-classes-epoll/4.1.84.Final/netty-transport-classes-epoll-4.1.84.Final.jar:/Users/jiwoochoi/.m2/repository/io/netty/netty-transport-classes-kqueue/4.1.84.Final/netty-transport-classes-kqueue-4.1.84.Final.jar:/Users/jiwoochoi/.m2/repository/io/netty/netty-transport-native-epoll/4.1.84.Final/netty-transport-native-epoll-4.1.84.Final.jar:/Users/jiwoochoi/.m2/repository/io/netty/netty-transport-native-kqueue/4.1.84.Final/netty-transport-native-kqueue-4.1.84.Final.jar:/Users/jiwoochoi/.m2/repository/io/netty/netty-transport-native-unix-common/4.1.84.Final/netty-transport-native-unix-common-4.1.84.Final.jar:/Users/jiwoochoi/.m2/repository/io/netty/netty-transport/4.1.84.Final/netty-transport-4.1.84.Final.jar:/Users/jiwoochoi/.m2/repository/io/netty/netty-resolver/4.1.84.Final/netty-resolver-4.1.84.Final.jar:/Users/jiwoochoi/.m2/repository/io/opentelemetry/opentelemetry-api/1.19.0/opentelemetry-api-1.19.0.jar:/Users/jiwoochoi/.m2/repository/io/opentelemetry/opentelemetry-context/1.19.0/opentelemetry-context-1.19.0.jar:/Users/jiwoochoi/.m2/repository/io/opentelemetry/opentelemetry-exporter-logging/1.19.0/opentelemetry-exporter-logging-1.19.0.jar:/Users/jiwoochoi/.m2/repository/io/opentelemetry/opentelemetry-sdk-metrics/1.19.0/opentelemetry-sdk-metrics-1.19.0.jar:/Users/jiwoochoi/.m2/repository/io/opentelemetry/opentelemetry-sdk-logs/1.19.0-alpha/opentelemetry-sdk-logs-1.19.0-alpha.jar:/Users/jiwoochoi/.m2/repository/io/opentelemetry/opentelemetry-api-logs/1.19.0-alpha/opentelemetry-api-logs-1.19.0-alpha.jar:/Users/jiwoochoi/.m2/repository/io/opentelemetry/opentelemetry-sdk-common/1.19.0/opentelemetry-sdk-common-1.19.0.jar:/Users/jiwoochoi/.m2/repository/io/opentelemetry/opentelemetry-sdk-extension-autoconfigure-spi/1.19.0/opentelemetry-sdk-extension-autoconfigure-spi-1.19.0.jar:/Users/jiwoochoi/.m2/repository/io/opentelemetry/opentelemetry-sdk-extension-autoconfigure/1.19.0-alpha/opentelemetry-sdk-extension-autoconfigure-1.19.0-alpha.jar:/Users/jiwoochoi/.m2/repository/io/opentelemetry/opentelemetry-exporter-common/1.19.0/opentelemetry-exporter-common-1.19.0.jar:/Users/jiwoochoi/.m2/repository/io/opentelemetry/opentelemetry-sdk-trace/1.19.0/opentelemetry-sdk-trace-1.19.0.jar:/Users/jiwoochoi/.m2/repository/io/opentelemetry/opentelemetry-sdk/1.19.0/opentelemetry-sdk-1.19.0.jar:/Users/jiwoochoi/.m2/repository/io/opentelemetry/opentelemetry-semconv/1.19.0-alpha/opentelemetry-semconv-1.19.0-alpha.jar:/Users/jiwoochoi/.m2/repository/io/ous/jtoml/2.0.0/jtoml-2.0.0.jar:/Users/jiwoochoi/.m2/repository/org/apache/commons/commons-exec/1.3/commons-exec-1.3.jar:/Users/jiwoochoi/.m2/repository/org/asynchttpclient/async-http-client/2.12.3/async-http-client-2.12.3.jar:/Users/jiwoochoi/.m2/repository/org/asynchttpclient/async-http-client-netty-utils/2.12.3/async-http-client-netty-utils-2.12.3.jar:/Users/jiwoochoi/.m2/repository/io/netty/netty-codec-socks/4.1.60.Final/netty-codec-socks-4.1.60.Final.jar:/Users/jiwoochoi/.m2/repository/org/reactivestreams/reactive-streams/1.0.3/reactive-streams-1.0.3.jar:/Users/jiwoochoi/.m2/repository/com/typesafe/netty/netty-reactive-streams/2.0.4/netty-reactive-streams-2.0.4.jar:/Users/jiwoochoi/.m2/repository/com/sun/activation/jakarta.activation/1.2.2/jakarta.activation-1.2.2.jar:/Users/jiwoochoi/.m2/repository/org/seleniumhq/selenium/selenium-http/4.7.0/selenium-http-4.7.0.jar:/Users/jiwoochoi/.m2/repository/dev/failsafe/failsafe/3.3.0/failsafe-3.3.0.jar:/Users/jiwoochoi/.m2/repository/org/seleniumhq/selenium/selenium-manager/4.7.0/selenium-manager-4.7.0.jar:/Users/jiwoochoi/.m2/repository/io/appium/java-client/8.3.0/java-client-8.3.0.jar:/Users/jiwoochoi/.m2/repository/cglib/cglib/3.3.0/cglib-3.3.0.jar:/Users/jiwoochoi/.m2/repository/org/ow2/asm/asm/7.1/asm-7.1.jar:/Users/jiwoochoi/.m2/repository/com/github/kklisura/cdt/cdt-java-client/4.0.0/cdt-java-client-4.0.0.jar:/Users/jiwoochoi/.m2/repository/javax/websocket/javax.websocket-api/1.1/javax.websocket-api-1.1.jar:/Users/jiwoochoi/.m2/repository/org/glassfish/tyrus/tyrus-container-grizzly-client/1.13.1/tyrus-container-grizzly-client-1.13.1.jar:/Users/jiwoochoi/.m2/repository/org/glassfish/grizzly/grizzly-framework/2.3.25/grizzly-framework-2.3.25.jar:/Users/jiwoochoi/.m2/repository/org/glassfish/grizzly/grizzly-http-server/2.3.25/grizzly-http-server-2.3.25.jar:/Users/jiwoochoi/.m2/repository/org/glassfish/grizzly/grizzly-http/2.3.25/grizzly-http-2.3.25.jar:/Users/jiwoochoi/.m2/repository/org/glassfish/tyrus/tyrus-client/1.13.1/tyrus-client-1.13.1.jar:/Users/jiwoochoi/.m2/repository/org/glassfish/tyrus/tyrus-core/1.13.1/tyrus-core-1.13.1.jar:/Users/jiwoochoi/.m2/repository/org/glassfish/tyrus/tyrus-spi/1.13.1/tyrus-spi-1.13.1.jar:/Users/jiwoochoi/.m2/repository/org/apache/pdfbox/pdfbox/2.0.28/pdfbox-2.0.28.jar:/Users/jiwoochoi/.m2/repository/org/apache/pdfbox/fontbox/2.0.28/fontbox-2.0.28.jar:/Users/jiwoochoi/.m2/repository/ru/yandex/qatools/ashot/ashot/1.5.4/ashot-1.5.4.jar:/Users/jiwoochoi/.m2/repository/joda-time/joda-time/2.9.9/joda-time-2.9.9.jar:/Users/jiwoochoi/.m2/repository/com/itextpdf/itextpdf/5.5.13.3/itextpdf-5.5.13.3.jar:/Users/jiwoochoi/.m2/repository/org/reflections/reflections/0.10.2/reflections-0.10.2.jar:/Users/jiwoochoi/.m2/repository/com/sun/jersey/jersey-core/1.19.4/jersey-core-1.19.4.jar:/Users/jiwoochoi/.m2/repository/javax/ws/rs/jsr311-api/1.1.1/jsr311-api-1.1.1.jar:/Users/jiwoochoi/.m2/repository/commons-collections/commons-collections/3.2.2/commons-collections-3.2.2.jar:/Users/jiwoochoi/.m2/repository/org/hamcrest/hamcrest-core/1.3/hamcrest-core-1.3.jar:/Users/jiwoochoi/.m2/repository/org/hamcrest/hamcrest-all/1.3/hamcrest-all-1.3.jar:/Users/jiwoochoi/.m2/repository/org/apache/logging/log4j/log4j-slf4j-impl/2.17.1/log4j-slf4j-impl-2.17.1.jar:/Users/jiwoochoi/.m2/repository/com/nordstrom/tools/testng-foundation/2.0.1/testng-foundation-2.0.1.jar:/Users/jiwoochoi/.m2/repository/com/nordstrom/tools/java-utils/1.9.3/java-utils-1.9.3.jar:/Users/jiwoochoi/.m2/repository/com/nordstrom/tools/settings/2.3.3/settings-2.3.3.jar:/Users/jiwoochoi/.m2/repository/commons-beanutils/commons-beanutils/1.9.4/commons-beanutils-1.9.4.jar:/Users/jiwoochoi/.m2/repository/com/zebrunner/carina-dataprovider/1.1.3/carina-dataprovider-1.1.3.jar:/Users/jiwoochoi/.m2/repository/com/zebrunner/carina-utils/1.1.5/carina-utils-1.1.5.jar:/Users/jiwoochoi/.m2/repository/com/zebrunner/carina-crypto/1.0.1/carina-crypto-1.0.1.jar:/Users/jiwoochoi/.m2/repository/commons-cli/commons-cli/1.5.0/commons-cli-1.5.0.jar:/Users/jiwoochoi/.m2/repository/org/apache/commons/commons-lang3/3.12.0/commons-lang3-3.12.0.jar:/Users/jiwoochoi/.m2/repository/com/sun/jna/jna/3.0.9/jna-3.0.9.jar:/Users/jiwoochoi/.m2/repository/org/mongodb/mongo-java-driver/2.11.3/mongo-java-driver-2.11.3.jar:/Users/jiwoochoi/.m2/repository/commons-net/commons-net/3.9.0/commons-net-3.9.0.jar:/Users/jiwoochoi/.m2/repository/org/imgscalr/imgscalr-lib/4.2/imgscalr-lib-4.2.jar:/Users/jiwoochoi/.m2/repository/net/sf/opencsv/opencsv/1.7/opencsv-1.7.jar:/Users/jiwoochoi/.m2/repository/org/apache/poi/poi-ooxml/4.1.2/poi-ooxml-4.1.2.jar:/Users/jiwoochoi/.m2/repository/org/apache/poi/poi/4.1.2/poi-4.1.2.jar:/Users/jiwoochoi/.m2/repository/org/apache/commons/commons-collections4/4.4/commons-collections4-4.4.jar:/Users/jiwoochoi/.m2/repository/org/apache/commons/commons-math3/3.6.1/commons-math3-3.6.1.jar:/Users/jiwoochoi/.m2/repository/com/zaxxer/SparseBitSet/1.2/SparseBitSet-1.2.jar:/Users/jiwoochoi/.m2/repository/org/apache/poi/poi-ooxml-schemas/4.1.2/poi-ooxml-schemas-4.1.2.jar:/Users/jiwoochoi/.m2/repository/org/apache/xmlbeans/xmlbeans/3.1.0/xmlbeans-3.1.0.jar:/Users/jiwoochoi/.m2/repository/org/apache/commons/commons-compress/1.19/commons-compress-1.19.jar:/Users/jiwoochoi/.m2/repository/com/github/virtuald/curvesapi/1.06/curvesapi-1.06.jar:/Users/jiwoochoi/.m2/repository/org/testng/testng/7.7.1/testng-7.7.1.jar:/Users/jiwoochoi/.m2/repository/com/beust/jcommander/1.82/jcommander-1.82.jar:/Users/jiwoochoi/.m2/repository/org/webjars/jquery/3.6.1/jquery-3.6.1.jar:/Users/jiwoochoi/.m2/repository/com/zebrunner/carina-api/1.1.3/carina-api-1.1.3.jar:/Users/jiwoochoi/.m2/repository/org/apache/httpcomponents/httpclient/4.5.13/httpclient-4.5.13.jar:/Users/jiwoochoi/.m2/repository/org/apache/httpcomponents/httpcore/4.4.13/httpcore-4.4.13.jar:/Users/jiwoochoi/.m2/repository/commons-logging/commons-logging/1.2/commons-logging-1.2.jar:/Users/jiwoochoi/.m2/repository/commons-codec/commons-codec/1.11/commons-codec-1.11.jar:/Users/jiwoochoi/.m2/repository/commons-io/commons-io/2.7/commons-io-2.7.jar:/Users/jiwoochoi/.m2/repository/io/rest-assured/rest-assured/4.3.0/rest-assured-4.3.0.jar:/Users/jiwoochoi/.m2/repository/org/codehaus/groovy/groovy/3.0.2/groovy-3.0.2.jar:/Users/jiwoochoi/.m2/repository/org/codehaus/groovy/groovy-xml/3.0.2/groovy-xml-3.0.2.jar:/Users/jiwoochoi/.m2/repository/org/apache/httpcomponents/httpmime/4.5.3/httpmime-4.5.3.jar:/Users/jiwoochoi/.m2/repository/org/hamcrest/hamcrest/2.1/hamcrest-2.1.jar:/Users/jiwoochoi/.m2/repository/org/ccil/cowan/tagsoup/tagsoup/1.2.1/tagsoup-1.2.1.jar:/Users/jiwoochoi/.m2/repository/io/rest-assured/xml-path/4.3.0/xml-path-4.3.0.jar:/Users/jiwoochoi/.m2/repository/jakarta/xml/bind/jakarta.xml.bind-api/2.3.2/jakarta.xml.bind-api-2.3.2.jar:/Users/jiwoochoi/.m2/repository/jakarta/activation/jakarta.activation-api/1.2.1/jakarta.activation-api-1.2.1.jar:/Users/jiwoochoi/.m2/repository/com/sun/xml/bind/jaxb-osgi/2.3.0.1/jaxb-osgi-2.3.0.1.jar:/Users/jiwoochoi/.m2/repository/org/apache/sling/org.apache.sling.javax.activation/0.1.0/org.apache.sling.javax.activation-0.1.0.jar:/Users/jiwoochoi/.m2/repository/io/rest-assured/json-path/4.3.0/json-path-4.3.0.jar:/Users/jiwoochoi/.m2/repository/org/codehaus/groovy/groovy-json/3.0.2/groovy-json-3.0.2.jar:/Users/jiwoochoi/.m2/repository/io/rest-assured/rest-assured-common/4.3.0/rest-assured-common-4.3.0.jar:/Users/jiwoochoi/.m2/repository/com/google/code/gson/gson/2.9.0/gson-2.9.0.jar:/Users/jiwoochoi/.m2/repository/javax/xml/bind/jaxb-api/2.2.2/jaxb-api-2.2.2.jar:/Users/jiwoochoi/.m2/repository/javax/xml/stream/stax-api/1.0-2/stax-api-1.0-2.jar:/Users/jiwoochoi/.m2/repository/javax/activation/activation/1.1/activation-1.1.jar:/Users/jiwoochoi/.m2/repository/com/fasterxml/jackson/core/jackson-core/2.14.1/jackson-core-2.14.1.jar:/Users/jiwoochoi/.m2/repository/com/fasterxml/jackson/core/jackson-databind/2.14.1/jackson-databind-2.14.1.jar:/Users/jiwoochoi/.m2/repository/com/fasterxml/jackson/core/jackson-annotations/2.14.1/jackson-annotations-2.14.1.jar:/Users/jiwoochoi/.m2/repository/org/apache/commons/commons-configuration2/2.8.0/commons-configuration2-2.8.0.jar:/Users/jiwoochoi/.m2/repository/org/apache/commons/commons-text/1.10.0/commons-text-1.10.0.jar:/Users/jiwoochoi/.m2/repository/org/freemarker/freemarker/2.3.31/freemarker-2.3.31.jar:/Users/jiwoochoi/.m2/repository/org/skyscreamer/jsonassert/1.5.0/jsonassert-1.5.0.jar:/Users/jiwoochoi/.m2/repository/ognl/ognl/3.3.2/ognl-3.3.2.jar:/Users/jiwoochoi/.m2/repository/org/javassist/javassist/3.28.0-GA/javassist-3.28.0-GA.jar:/Users/jiwoochoi/.m2/repository/org/xmlunit/xmlunit-assertj3/2.8.2/xmlunit-assertj3-2.8.2.jar:/Users/jiwoochoi/.m2/repository/org/xmlunit/xmlunit-core/2.8.2/xmlunit-core-2.8.2.jar:/Users/jiwoochoi/.m2/repository/org/assertj/assertj-core/3.18.1/assertj-core-3.18.1.jar:/Users/jiwoochoi/.m2/repository/io/rest-assured/json-schema-validator/4.3.0/json-schema-validator-4.3.0.jar:/Users/jiwoochoi/.m2/repository/com/github/java-json-tools/json-schema-validator/2.2.10/json-schema-validator-2.2.10.jar:/Users/jiwoochoi/.m2/repository/com/github/java-json-tools/json-schema-core/1.2.10/json-schema-core-1.2.10.jar:/Users/jiwoochoi/.m2/repository/com/github/java-json-tools/jackson-coreutils/1.9/jackson-coreutils-1.9.jar:/Users/jiwoochoi/.m2/repository/com/github/fge/msg-simple/1.1/msg-simple-1.1.jar:/Users/jiwoochoi/.m2/repository/com/github/fge/btf/1.2/btf-1.2.jar:/Users/jiwoochoi/.m2/repository/com/github/fge/uri-template/0.9/uri-template-0.9.jar:/Users/jiwoochoi/.m2/repository/org/mozilla/rhino/1.7.7.1/rhino-1.7.7.1.jar:/Users/jiwoochoi/.m2/repository/javax/mail/mailapi/1.4.3/mailapi-1.4.3.jar:/Users/jiwoochoi/.m2/repository/com/googlecode/libphonenumber/libphonenumber/8.0.0/libphonenumber-8.0.0.jar:/Users/jiwoochoi/.m2/repository/net/sf/jopt-simple/jopt-simple/5.0.3/jopt-simple-5.0.3.jar:/Users/jiwoochoi/.m2/repository/org/everit/json/org.everit.json.schema/1.5.1/org.everit.json.schema-1.5.1.jar:/Users/jiwoochoi/.m2/repository/commons-validator/commons-validator/1.5.1/commons-validator-1.5.1.jar:/Users/jiwoochoi/.m2/repository/commons-digester/commons-digester/1.8.1/commons-digester-1.8.1.jar:/Users/jiwoochoi/.m2/repository/org/json/json/20160810/json-20160810.jar:/Users/jiwoochoi/.m2/repository/com/jayway/jsonpath/json-path/2.5.0/json-path-2.5.0.jar:/Users/jiwoochoi/.m2/repository/net/minidev/json-smart/2.3/json-smart-2.3.jar:/Users/jiwoochoi/.m2/repository/net/minidev/accessors-smart/1.2/accessors-smart-1.2.jar:/Users/jiwoochoi/.m2/repository/com/zebrunner/carina-aws-s3/1.1.4/carina-aws-s3-1.1.4.jar:/Users/jiwoochoi/.m2/repository/com/zebrunner/carina-commons/1.0.2/carina-commons-1.0.2.jar:/Users/jiwoochoi/.m2/repository/com/amazonaws/aws-java-sdk-s3/1.12.429/aws-java-sdk-s3-1.12.429.jar:/Users/jiwoochoi/.m2/repository/com/amazonaws/aws-java-sdk-core/1.12.429/aws-java-sdk-core-1.12.429.jar:/Users/jiwoochoi/.m2/repository/software/amazon/ion/ion-java/1.0.2/ion-java-1.0.2.jar:/Users/jiwoochoi/.m2/repository/com/fasterxml/jackson/dataformat/jackson-dataformat-cbor/2.12.6/jackson-dataformat-cbor-2.12.6.jar:/Users/jiwoochoi/.m2/repository/com/zebrunner/carina-azure/1.1.4/carina-azure-1.1.4.jar:/Users/jiwoochoi/.m2/repository/com/azure/azure-storage-blob/12.21.1/azure-storage-blob-12.21.1.jar:/Users/jiwoochoi/.m2/repository/com/azure/azure-core/1.37.0/azure-core-1.37.0.jar:/Users/jiwoochoi/.m2/repository/com/fasterxml/jackson/datatype/jackson-datatype-jsr310/2.13.5/jackson-datatype-jsr310-2.13.5.jar:/Users/jiwoochoi/.m2/repository/io/projectreactor/reactor-core/3.4.27/reactor-core-3.4.27.jar:/Users/jiwoochoi/.m2/repository/com/azure/azure-core-http-netty/1.13.1/azure-core-http-netty-1.13.1.jar:/Users/jiwoochoi/.m2/repository/io/netty/netty-handler/4.1.89.Final/netty-handler-4.1.89.Final.jar:/Users/jiwoochoi/.m2/repository/io/netty/netty-handler-proxy/4.1.89.Final/netty-handler-proxy-4.1.89.Final.jar:/Users/jiwoochoi/.m2/repository/io/netty/netty-codec/4.1.89.Final/netty-codec-4.1.89.Final.jar:/Users/jiwoochoi/.m2/repository/io/netty/netty-codec-http2/4.1.89.Final/netty-codec-http2-4.1.89.Final.jar:/Users/jiwoochoi/.m2/repository/io/netty/netty-transport-native-epoll/4.1.89.Final/netty-transport-native-epoll-4.1.89.Final-linux-x86_64.jar:/Users/jiwoochoi/.m2/repository/io/netty/netty-transport-native-kqueue/4.1.89.Final/netty-transport-native-kqueue-4.1.89.Final-osx-x86_64.jar:/Users/jiwoochoi/.m2/repository/io/netty/netty-tcnative-boringssl-static/2.0.56.Final/netty-tcnative-boringssl-static-2.0.56.Final.jar:/Users/jiwoochoi/.m2/repository/io/netty/netty-tcnative-classes/2.0.56.Final/netty-tcnative-classes-2.0.56.Final.jar:/Users/jiwoochoi/.m2/repository/io/netty/netty-tcnative-boringssl-static/2.0.56.Final/netty-tcnative-boringssl-static-2.0.56.Final-linux-x86_64.jar:/Users/jiwoochoi/.m2/repository/io/netty/netty-tcnative-boringssl-static/2.0.56.Final/netty-tcnative-boringssl-static-2.0.56.Final-linux-aarch_64.jar:/Users/jiwoochoi/.m2/repository/io/netty/netty-tcnative-boringssl-static/2.0.56.Final/netty-tcnative-boringssl-static-2.0.56.Final-osx-x86_64.jar:/Users/jiwoochoi/.m2/repository/io/netty/netty-tcnative-boringssl-static/2.0.56.Final/netty-tcnative-boringssl-static-2.0.56.Final-osx-aarch_64.jar:/Users/jiwoochoi/.m2/repository/io/netty/netty-tcnative-boringssl-static/2.0.56.Final/netty-tcnative-boringssl-static-2.0.56.Final-windows-x86_64.jar:/Users/jiwoochoi/.m2/repository/io/projectreactor/netty/reactor-netty-http/1.0.28/reactor-netty-http-1.0.28.jar:/Users/jiwoochoi/.m2/repository/io/netty/netty-resolver-dns/4.1.89.Final/netty-resolver-dns-4.1.89.Final.jar:/Users/jiwoochoi/.m2/repository/io/netty/netty-codec-dns/4.1.89.Final/netty-codec-dns-4.1.89.Final.jar:/Users/jiwoochoi/.m2/repository/io/netty/netty-resolver-dns-native-macos/4.1.89.Final/netty-resolver-dns-native-macos-4.1.89.Final-osx-x86_64.jar:/Users/jiwoochoi/.m2/repository/io/netty/netty-resolver-dns-classes-macos/4.1.89.Final/netty-resolver-dns-classes-macos-4.1.89.Final.jar:/Users/jiwoochoi/.m2/repository/io/projectreactor/netty/reactor-netty-core/1.0.28/reactor-netty-core-1.0.28.jar:/Users/jiwoochoi/.m2/repository/com/azure/azure-storage-common/12.20.1/azure-storage-common-12.20.1.jar:/Users/jiwoochoi/.m2/repository/com/azure/azure-storage-internal-avro/12.6.1/azure-storage-internal-avro-12.6.1.jar:/Users/jiwoochoi/.m2/repository/com/fasterxml/jackson/dataformat/jackson-dataformat-xml/2.13.5/jackson-dataformat-xml-2.13.5.jar:/Users/jiwoochoi/.m2/repository/org/codehaus/woodstox/stax2-api/4.2.1/stax2-api-4.2.1.jar:/Users/jiwoochoi/.m2/repository/com/fasterxml/woodstox/woodstox-core/6.4.0/woodstox-core-6.4.0.jar:/Users/jiwoochoi/.m2/repository/com/zebrunner/carina-appcenter/1.1.4/carina-appcenter-1.1.4.jar:/Users/jiwoochoi/.m2/repository/org/springframework/spring-web/5.3.19/spring-web-5.3.19.jar:/Users/jiwoochoi/.m2/repository/org/springframework/spring-beans/5.3.19/spring-beans-5.3.19.jar:/Users/jiwoochoi/.m2/repository/org/springframework/spring-core/5.3.19/spring-core-5.3.19.jar:/Users/jiwoochoi/.m2/repository/org/springframework/spring-jcl/5.3.19/spring-jcl-5.3.19.jar:/Users/jiwoochoi/.m2/repository/com/google/guava/guava/31.1-jre/guava-31.1-jre.jar:/Users/jiwoochoi/.m2/repository/com/google/guava/failureaccess/1.0.1/failureaccess-1.0.1.jar:/Users/jiwoochoi/.m2/repository/com/google/guava/listenablefuture/9999.0-empty-to-avoid-conflict-with-guava/listenablefuture-9999.0-empty-to-avoid-conflict-with-guava.jar:/Users/jiwoochoi/.m2/repository/com/google/code/findbugs/jsr305/3.0.2/jsr305-3.0.2.jar:/Users/jiwoochoi/.m2/repository/com/google/errorprone/error_prone_annotations/2.11.0/error_prone_annotations-2.11.0.jar:/Users/jiwoochoi/.m2/repository/com/google/j2objc/j2objc-annotations/1.3/j2objc-annotations-1.3.jar:/Users/jiwoochoi/.m2/repository/org/slf4j/slf4j-api/1.7.30/slf4j-api-1.7.30.jar:/Users/jiwoochoi/.m2/repository/org/apache/logging/log4j/log4j-api/2.17.1/log4j-api-2.17.1.jar:/Users/jiwoochoi/.m2/repository/org/apache/logging/log4j/log4j-core/2.17.1/log4j-core-2.17.1.jar:/Users/jiwoochoi/.m2/repository/net/bytebuddy/byte-buddy/1.12.18/byte-buddy-1.12.18.jar:/Users/jiwoochoi/.m2/repository/org/mybatis/mybatis/3.5.6/mybatis-3.5.6.jar:/Users/jiwoochoi/.m2/repository/org/postgresql/postgresql/42.5.3/postgresql-42.5.3.jar:/Users/jiwoochoi/.m2/repository/org/checkerframework/checker-qual/3.5.0/checker-qual-3.5.0.jar:/Users/jiwoochoi/.m2/repository/org/seleniumhq/selenium/selenium-java/4.0.0/selenium-java-4.0.0.jar:/Users/jiwoochoi/.m2/repository/org/seleniumhq/selenium/selenium-chrome-driver/4.0.0/selenium-chrome-driver-4.0.0.jar:/Users/jiwoochoi/.m2/repository/com/google/auto/service/auto-service-annotations/1.0/auto-service-annotations-1.0.jar:/Users/jiwoochoi/.m2/repository/com/google/auto/service/auto-service/1.0/auto-service-1.0.jar:/Users/jiwoochoi/.m2/repository/com/google/auto/auto-common/1.0/auto-common-1.0.jar:/Users/jiwoochoi/.m2/repository/org/seleniumhq/selenium/selenium-chromium-driver/4.0.0/selenium-chromium-driver-4.0.0.jar:/Users/jiwoochoi/.m2/repository/org/seleniumhq/selenium/selenium-json/4.0.0/selenium-json-4.0.0.jar:/Users/jiwoochoi/.m2/repository/org/seleniumhq/selenium/selenium-devtools-v85/4.0.0/selenium-devtools-v85-4.0.0.jar:/Users/jiwoochoi/.m2/repository/org/seleniumhq/selenium/selenium-devtools-v93/4.0.0/selenium-devtools-v93-4.0.0.jar:/Users/jiwoochoi/.m2/repository/org/seleniumhq/selenium/selenium-devtools-v94/4.0.0/selenium-devtools-v94-4.0.0.jar:/Users/jiwoochoi/.m2/repository/org/seleniumhq/selenium/selenium-devtools-v95/4.0.0/selenium-devtools-v95-4.0.0.jar:/Users/jiwoochoi/.m2/repository/org/seleniumhq/selenium/selenium-edge-driver/4.0.0/selenium-edge-driver-4.0.0.jar:/Users/jiwoochoi/.m2/repository/org/seleniumhq/selenium/selenium-firefox-driver/4.0.0/selenium-firefox-driver-4.0.0.jar:/Users/jiwoochoi/.m2/repository/org/seleniumhq/selenium/selenium-firefox-xpi-driver/4.0.0/selenium-firefox-xpi-driver-4.0.0.jar:/Users/jiwoochoi/.m2/repository/org/seleniumhq/selenium/selenium-ie-driver/4.0.0/selenium-ie-driver-4.0.0.jar:/Users/jiwoochoi/.m2/repository/org/seleniumhq/selenium/selenium-opera-driver/4.0.0/selenium-opera-driver-4.0.0.jar:/Users/jiwoochoi/.m2/repository/org/seleniumhq/selenium/selenium-safari-driver/4.0.0/selenium-safari-driver-4.0.0.jar:"/>
    <property name="sun.cpu.endian" value="little"/>
    <property name="user.home" value="/Users/jiwoochoi"/>
    <property name="user.language" value="en"/>
    <property name="java.specification.vendor" value="Oracle Corporation"/>
    <property name="java.version.date" value="2022-10-18"/>
    <property name="java.home" value="/Library/Java/JavaVirtualMachines/jdk-17.0.5.jdk/Contents/Home"/>
    <property name="file.separator" value="/"/>
    <property name="basedir" value="/Users/jiwoochoi/Desktop/projects/Solvd_practice/carina/carina-demo"/>
    <property name="java.vm.compressedOopsMode" value="Zero based"/>
    <property name="line.separator" value="&#10;"/>
    <property name="java.vm.specification.vendor" value="Oracle Corporation"/>
    <property name="java.specification.name" value="Java Platform API Specification"/>
    <property name="reporting.server.hostname" value=""/>
    <property name="sun.management.compiler" value="HotSpot 64-Bit Tiered Compilers"/>
    <property name="ftp.nonProxyHosts" value="local|*.local|169.254/16|*.169.254/16"/>
    <property name="java.runtime.version" value="17.0.5+9-LTS-191"/>
    <property name="user.name" value="jiwoochoi"/>
    <property name="reporting.projectKey" value="DEF"/>
    <property name="path.separator" value=":"/>
    <property name="os.version" value="13.4"/>
    <property name="java.runtime.name" value="Java(TM) SE Runtime Environment"/>
    <property name="file.encoding" value="UTF-8"/>
    <property name="java.vm.name" value="Java HotSpot(TM) 64-Bit Server VM"/>
    <property name="reporting.server.accessToken" value=""/>
    <property name="localRepository" value="/Users/jiwoochoi/.m2/repository"/>
    <property name="java.vendor.url.bug" value="https://bugreport.java.com/bugreport/"/>
    <property name="java.io.tmpdir" value="/var/folders/zt/5q_190yd0x5872lns0f17cbh0000gn/T/"/>
    <property name="java.version" value="17.0.5"/>
    <property name="user.dir" value="/Users/jiwoochoi/Desktop/projects/Solvd_practice/carina/carina-demo"/>
    <property name="os.arch" value="aarch64"/>
    <property name="java.vm.specification.name" value="Java Virtual Machine Specification"/>
    <property name="native.encoding" value="UTF-8"/>
    <property name="java.library.path" value="/Users/jiwoochoi/Library/Java/Extensions:/Library/Java/Extensions:/Network/Library/Java/Extensions:/System/Library/Java/Extensions:/usr/lib/java:."/>
    <property name="suite" value="gsmArenaWeb"/>
    <property name="java.vm.info" value="mixed mode, sharing"/>
    <property name="java.vendor" value="Oracle Corporation"/>
    <property name="java.vm.version" value="17.0.5+9-LTS-191"/>
    <property name="sun.io.unicode.encoding" value="UnicodeBig"/>
    <property name="socksNonProxyHosts" value="local|*.local|169.254/16|*.169.254/16"/>
    <property name="java.class.version" value="61.0"/>
    <property name="reporting.run.environment" value=""/>
  </properties>
  <testcase name="verifyLoginComponent" classname="com.solvd.carina.demo.GsmArenaTest" time="210.975">
    <system-out><![CDATA[2023-07-25 00:12:48 CarinaListener [main] [INFO] 
============= Basic configuration =============
env=DEMO
=========== Encryptor configuration ===========
crypto_key_value=*****
=========== WebDriver configuration ===========
url=https://www.gsmarena.com
selenium_url=http://localhost:4444/wd/hub
auto_screenshot=true
explicit_timeout=30
localization_encoding=UTF-8
language=en_US
-------------- Driver capabilities ------------
browserName=chrome
============= Test configuration ==============
retry_count=3
thread_count=6
===============================================

2023-07-25 00:12:48 TestRunRegistrar [main-1] [WARN] Reporting disabled: using no op test run registrar
2023-07-25 00:12:51 CarinaListener [main-1] [INFO] Set data-provider-thread-count=1
2023-07-25 00:12:51 CarinaListener [main-1] [INFO] CARINA_CORE_VERSION: 1.1.3
2023-07-25 00:12:51 TestRunRegistrar [TestNG-test=GSM arena web tests-1] [WARN] Reporting disabled: using no op test run registrar
2023-07-25 00:12:51 Messager [TestNG-test=GSM arena web tests-1-28] [INFO] TEST [GSM arena web tests - testLoginWithWrongEmail] STARTED at [00:12:51 2023-07-25]
2023-07-25 00:12:51 TestRunRegistrar [TestNG-test=GSM arena web tests-4] [WARN] Reporting disabled: using no op test run registrar
2023-07-25 00:12:51 Messager [TestNG-test=GSM arena web tests-4-31] [INFO] TEST [GSM arena web tests - verifyLoginComponent] STARTED at [00:12:51 2023-07-25]
2023-07-25 00:12:51 TestRunRegistrar [TestNG-test=GSM arena web tests-2] [WARN] Reporting disabled: using no op test run registrar
2023-07-25 00:12:51 Messager [TestNG-test=GSM arena web tests-2-29] [INFO] TEST [GSM arena web tests - testLoginWithWrongPassword] STARTED at [00:12:51 2023-07-25]
2023-07-25 00:12:51 TestRunRegistrar [TestNG-test=GSM arena web tests-3] [WARN] Reporting disabled: using no op test run registrar
2023-07-25 00:12:51 Messager [TestNG-test=GSM arena web tests-3-30] [INFO] TEST [GSM arena web tests - testSuccessLogin] STARTED at [00:12:51 2023-07-25]
2023-07-25 00:12:51 DriverFactory [TestNG-test=GSM arena web tests-4-31] [INFO] Starting driver session...
2023-07-25 00:12:51 DriverFactory [TestNG-test=GSM arena web tests-2-29] [INFO] Starting driver session...
2023-07-25 00:12:51 DriverFactory [TestNG-test=GSM arena web tests-1-28] [INFO] Starting driver session...
2023-07-25 00:12:51 DriverFactory [TestNG-test=GSM arena web tests-3-30] [INFO] Starting driver session...
2023-07-25 00:13:03 DriverFactory [TestNG-test=GSM arena web tests-1-28] [INFO] Driver session started.
2023-07-25 00:13:03 DriverFactory [TestNG-test=GSM arena web tests-4-31] [INFO] Driver session started.
2023-07-25 00:13:03 DriverFactory [TestNG-test=GSM arena web tests-2-29] [INFO] Driver session started.
2023-07-25 00:13:03 Messager [TestNG-test=GSM arena web tests-4-31] [INFO] INFO: opening url 'https://www.gsmarena.com'
2023-07-25 00:13:03 Messager [TestNG-test=GSM arena web tests-2-29] [INFO] INFO: opening url 'https://www.gsmarena.com'
2023-07-25 00:13:03 Messager [TestNG-test=GSM arena web tests-1-28] [INFO] INFO: opening url 'https://www.gsmarena.com'
2023-07-25 00:13:03 DriverFactory [TestNG-test=GSM arena web tests-3-30] [INFO] Driver session started.
2023-07-25 00:13:03 Messager [TestNG-test=GSM arena web tests-3-30] [INFO] INFO: opening url 'https://www.gsmarena.com'
2023-07-25 00:16:09 DriverListener [TestNG-test=GSM arena web tests-3-30] [INFO] PASS: element 'loginIcon' is clicked.
2023-07-25 00:16:21 Messager [TestNG-test=GSM arena web tests-4-31] [INFO] TEST [GSM arena web tests - verifyLoginComponent] PASSED at [00:16:21 2023-07-25]
]]></system-out>
    <system-err><![CDATA[Jul 25, 2023 12:16:06 AM com.solvd.carina.demo.gui.components.header.HeaderMenu openLoginForm
INFO: opening login form
Jul 25, 2023 12:16:21 AM com.solvd.carina.demo.gui.components.header.HeaderMenu isLoginIconPresent
INFO: Checking if login icon is present
]]></system-err>
  </testcase>
  <testcase name="testSuccessLogin" classname="com.solvd.carina.demo.GsmArenaTest" time="0">
    <skipped message="javascript error: Cannot read properties of undefined (reading &apos;textContent&apos;)&#10;  (Session info: chrome=114.0.5735.248)&#10;Build info: version: &apos;4.7.0&apos;, revision: &apos;0a5b49d16f&apos;&#10;System info: os.name: &apos;Mac OS X&apos;, os.arch: &apos;aarch64&apos;, os.version: &apos;13.4&apos;, java.version: &apos;17.0.5&apos;&#10;Driver info: org.openqa.selenium.remote.RemoteWebDriver&#10;Command: [2b0f60c09404e9868ed311d069712ac6, executeScript {script=return document.querySelectorAll(&apos;.icon-count&apos;, &apos;:before&apos;)[6].textContent, args=[]}]&#10;Capabilities {acceptInsecureCerts: true, browserName: chrome, browserVersion: 114.0.5735.248, chrome: {chromedriverVersion: 114.0.5735.90 (386bc09e8f4f..., userDataDir: /var/folders/zt/5q_190yd0x5...}, goog:chromeOptions: {debuggerAddress: localhost:61765}, networkConnectionEnabled: false, pageLoadStrategy: normal, platformName: MAC, proxy: Proxy(), setWindowRect: true, strictFileInteractability: false, timeouts: {implicit: 0, pageLoad: 300000, script: 30000}, unhandledPromptBehavior: dismiss and notify, webauthn:extension:credBlob: true, webauthn:extension:largeBlob: true, webauthn:extension:minPinLength: true, webauthn:extension:prf: true, webauthn:virtualAuthenticators: true, webdriver.remote.sessionid: 2b0f60c09404e9868ed311d0697...}&#10;Session ID: 2b0f60c09404e9868ed311d069712ac6"/>
    <system-out><![CDATA[2023-07-25 00:16:23 DriverListener [TestNG-test=GSM arena web tests-3-30] [INFO] PASS: keys 's9rowa@mail.ru' are sent to element 'inputEmail'.
2023-07-25 00:16:30 DriverListener [TestNG-test=GSM arena web tests-3-30] [INFO] PASS: keys 'changeme' are sent to element 'inputPassword'.
2023-07-25 00:16:50 DriverListener [TestNG-test=GSM arena web tests-1-28] [INFO] PASS: element 'loginIcon' is clicked.
2023-07-25 00:17:01 DriverListener [TestNG-test=GSM arena web tests-1-28] [INFO] PASS: keys 's9rowamail@mail' are sent to element 'inputEmail'.
2023-07-25 00:17:06 DriverListener [TestNG-test=GSM arena web tests-2-29] [INFO] PASS: element 'loginIcon' is clicked.
2023-07-25 00:17:07 DriverListener [TestNG-test=GSM arena web tests-1-28] [INFO] PASS: keys 'changeme' are sent to element 'inputPassword'.
2023-07-25 00:17:28 DriverListener [TestNG-test=GSM arena web tests-3-30] [INFO] PASS: element 'submitButton' is clicked.
2023-07-25 00:17:39 DriverListener [TestNG-test=GSM arena web tests-2-29] [INFO] PASS: keys 's9rowa@mail.ru' are sent to element 'inputEmail'.
2023-07-25 00:17:45 DriverListener [TestNG-test=GSM arena web tests-2-29] [INFO] PASS: keys 'wrongpassword' are sent to element 'inputPassword'.
2023-07-25 00:18:02 Screenshot [TestNG-test=GSM arena web tests-3-30] [WARN] Unable to capture screenshot during 10 sec!
2023-07-25 00:18:39 DriverListener [TestNG-test=GSM arena web tests-2-29] [INFO] PASS: element 'submitButton' is clicked.
2023-07-25 00:19:23 Screenshot [TestNG-test=GSM arena web tests-2-29] [WARN] Unable to capture screenshot during 10 sec!
2023-07-25 00:19:36 DriverListener [TestNG-test=GSM arena web tests-1-28] [INFO] PASS: element 'submitButton' is clicked.
2023-07-25 00:19:44 LoginPage [TestNG-test=GSM arena web tests-1-28] [INFO] Login result [Reason: User record not found.]
2023-07-25 00:19:47 LoginPage [TestNG-test=GSM arena web tests-2-29] [INFO] Login result [Reason: Wrong password.]
2023-07-25 00:20:42 Screenshot [TestNG-test=GSM arena web tests-3-30] [WARN] Unable to capture screenshot during 10 sec!
2023-07-25 00:20:42 Messager [TestNG-test=GSM arena web tests-3-30] [ERROR] TEST [GSM arena web tests - testSuccessLogin] SKIPPED at [00:20:42 2023-07-25] - javascript error: Cannot read properties of undefined (reading 'textContent')
  (Session info: chrome=114.0.5735.248)
Build info: version: '4.7.0', revision: '0a5b49d16f'
System info: os.name: 'Mac OS X', os.arch: 'aarch64', os.version: '13.4', java.version: '17.0.5'
Driver info: org.openqa.selenium.remote.RemoteWebDriver
Command: [2b0f60c09404e9868ed311d069712ac6, executeScript {script=return document.querySelectorAll('.icon-count', ':before')[6].textContent, args=[]}]
Capabilities {acceptInsecureCerts: true, browserName: chrome, browserVersion: 114.0.5735.248, chrome: {chromedriverVersion: 114.0.5735.90 (386bc09e8f4f..., userDataDir: /var/folders/zt/5q_190yd0x5...}, goog:chromeOptions: {debuggerAddress: localhost:61765}, networkConnectionEnabled: false, pageLoadStrategy: normal, platformName: MAC, proxy: Proxy(), setWindowRect: true, strictFileInteractability: false, timeouts: {implicit: 0, pageLoad: 300000, script: 30000}, unhandledPromptBehavior: dismiss and notify, webauthn:extension:credBlob: true, webauthn:extension:largeBlob: true, webauthn:extension:minPinLength: true, webauthn:extension:prf: true, webauthn:virtualAuthenticators: true, webdriver.remote.sessionid: 2b0f60c09404e9868ed311d0697...}
Session ID: 2b0f60c09404e9868ed311d069712ac6

java.base/jdk.internal.reflect.NativeConstructorAccessorImpl.newInstance0(Native Method)
java.base/jdk.internal.reflect.NativeConstructorAccessorImpl.newInstance(NativeConstructorAccessorImpl.java:77)
java.base/jdk.internal.reflect.DelegatingConstructorAccessorImpl.newInstance(DelegatingConstructorAccessorImpl.java:45)
java.base/java.lang.reflect.Constructor.newInstanceWithCaller(Constructor.java:499)
java.base/java.lang.reflect.Constructor.newInstance(Constructor.java:480)
org.openqa.selenium.remote.codec.w3c.W3CHttpResponseCodec.createException(W3CHttpResponseCodec.java:200)
org.openqa.selenium.remote.codec.w3c.W3CHttpResponseCodec.decode(W3CHttpResponseCodec.java:133)
org.openqa.selenium.remote.codec.w3c.W3CHttpResponseCodec.decode(W3CHttpResponseCodec.java:53)
org.openqa.selenium.remote.HttpCommandExecutor.execute(HttpCommandExecutor.java:184)
com.zebrunner.carina.webdriver.listener.EventFiringSeleniumCommandExecutor.execute(EventFiringSeleniumCommandExecutor.java:52)
org.openqa.selenium.remote.RemoteWebDriver.execute(RemoteWebDriver.java:541)
org.openqa.selenium.remote.RemoteWebDriver.executeScript$original$mGmh8KBl(RemoteWebDriver.java:478)
org.openqa.selenium.remote.RemoteWebDriver.executeScript$original$mGmh8KBl$accessor$VbyDVbPD(RemoteWebDriver.java)
org.openqa.selenium.remote.RemoteWebDriver$auxiliary$ISUjNVCx.call(Unknown Source)
com.zebrunner.agent.core.webdriver.PublicMethodInvocationInterceptor.onPublicMethodInvocation(PublicMethodInvocationInterceptor.java:18)
org.openqa.selenium.remote.RemoteWebDriver.executeScript(RemoteWebDriver.java)
java.base/jdk.internal.reflect.NativeMethodAccessorImpl.invoke0(Native Method)
java.base/jdk.internal.reflect.NativeMethodAccessorImpl.invoke(NativeMethodAccessorImpl.java:77)
java.base/jdk.internal.reflect.DelegatingMethodAccessorImpl.invoke(DelegatingMethodAccessorImpl.java:43)
java.base/java.lang.reflect.Method.invoke(Method.java:568)
org.openqa.selenium.support.decorators.WebDriverDecorator.call(WebDriverDecorator.java:247)
org.openqa.selenium.support.decorators.DefaultDecorated.call(DefaultDecorated.java:48)
org.openqa.selenium.support.decorators.WebDriverDecorator.lambda$createProxy$0(WebDriverDecorator.java:309)
net.bytebuddy.renamed.java.lang.Object$ByteBuddy$utCjMPfc.executeScript(Unknown Source)
com.solvd.carina.demo.gui.components.header.HeaderMenu.getUserName(HeaderMenu.java:106)
com.solvd.carina.demo.GsmArenaTest.testSuccessLogin(GsmArenaTest.java:52)
java.base/jdk.internal.reflect.NativeMethodAccessorImpl.invoke0(Native Method)
java.base/jdk.internal.reflect.NativeMethodAccessorImpl.invoke(NativeMethodAccessorImpl.java:77)
java.base/jdk.internal.reflect.DelegatingMethodAccessorImpl.invoke(DelegatingMethodAccessorImpl.java:43)
java.base/java.lang.reflect.Method.invoke(Method.java:568)
org.testng.internal.invokers.MethodInvocationHelper.invokeMethod(MethodInvocationHelper.java:139)
org.testng.internal.invokers.TestInvoker.invokeMethod(TestInvoker.java:677)
org.testng.internal.invokers.TestInvoker.invokeTestMethod(TestInvoker.java:221)
org.testng.internal.invokers.MethodRunner.runInSequence(MethodRunner.java:50)
org.testng.internal.invokers.TestInvoker$MethodInvocationAgent.invoke(TestInvoker.java:969)
org.testng.internal.invokers.TestInvoker.invokeTestMethods(TestInvoker.java:194)
org.testng.internal.invokers.TestMethodWorker.invokeTestMethods(TestMethodWorker.java:148)
org.testng.internal.invokers.TestMethodWorker.run(TestMethodWorker.java:128)
java.base/java.util.concurrent.ThreadPoolExecutor.runWorker(ThreadPoolExecutor.java:1136)
java.base/java.util.concurrent.ThreadPoolExecutor$Worker.run(ThreadPoolExecutor.java:635)
java.base/java.lang.Thread.run(Thread.java:833)
]]></system-out>
    <system-err><![CDATA[Jul 25, 2023 12:16:47 AM com.solvd.carina.demo.gui.components.header.HeaderMenu openLoginForm
INFO: opening login form
Jul 25, 2023 12:17:04 AM com.solvd.carina.demo.gui.components.header.HeaderMenu openLoginForm
INFO: opening login form
Jul 25, 2023 12:18:02 AM com.solvd.carina.demo.gui.components.LoginForm submitLogin
INFO: Login performed
Jul 25, 2023 12:19:23 AM com.solvd.carina.demo.gui.components.LoginForm submitLoginWithInvalidPassword
INFO: Login performed
Jul 25, 2023 12:19:42 AM com.solvd.carina.demo.gui.components.LoginForm submitLoginWithInvalidEmail
INFO: Login performed
]]></system-err>
  </testcase>
  <testcase name="testSuccessLogin" classname="com.solvd.carina.demo.GsmArenaTest" time="205.931">
    <system-out><![CDATA[2023-07-25 00:20:42 Messager [TestNG-test=GSM arena web tests-3-30] [INFO] TEST [GSM arena web tests - testSuccessLogin] STARTED at [00:20:42 2023-07-25]
2023-07-25 00:20:42 DriverFactory [TestNG-test=GSM arena web tests-3-30] [INFO] Starting driver session...
2023-07-25 00:20:49 DriverFactory [TestNG-test=GSM arena web tests-3-30] [INFO] Driver session started.
2023-07-25 00:20:49 Messager [TestNG-test=GSM arena web tests-3-30] [INFO] INFO: opening url 'https://www.gsmarena.com'
2023-07-25 00:22:35 DriverListener [TestNG-test=GSM arena web tests-3-30] [INFO] PASS: element 'loginIcon' is clicked.
2023-07-25 00:22:58 DriverListener [TestNG-test=GSM arena web tests-3-30] [INFO] PASS: keys 's9rowa@mail.ru' are sent to element 'inputEmail'.
2023-07-25 00:23:09 DriverListener [TestNG-test=GSM arena web tests-3-30] [INFO] PASS: keys 'changeme' are sent to element 'inputPassword'.
2023-07-25 00:23:23 DriverListener [TestNG-test=GSM arena web tests-3-30] [INFO] PASS: element 'submitButton' is clicked.
2023-07-25 00:23:51 Screenshot [TestNG-test=GSM arena web tests-3-30] [WARN] Unable to capture screenshot during 10 sec!
2023-07-25 00:24:08 Messager [TestNG-test=GSM arena web tests-3-30] [INFO] TEST [GSM arena web tests - testSuccessLogin] PASSED at [00:24:08 2023-07-25]
]]></system-out>
    <system-err><![CDATA[Jul 25, 2023 12:22:25 AM com.solvd.carina.demo.gui.components.header.HeaderMenu openLoginForm
INFO: opening login form
Jul 25, 2023 12:23:51 AM com.solvd.carina.demo.gui.components.LoginForm submitLogin
INFO: Login performed
Jul 25, 2023 12:24:08 AM com.solvd.carina.demo.gui.components.header.HeaderMenu getUserName
INFO: test.user
]]></system-err>
  </testcase>
  <testcase name="testLoginWithWrongPassword" classname="com.solvd.carina.demo.GsmArenaTest" time="471.671">
    <system-out><![CDATA[2023-07-25 00:20:42 Messager [TestNG-test=GSM arena web tests-2-29] [INFO] TEST [GSM arena web tests - testLoginWithWrongPassword] PASSED at [00:20:42 2023-07-25]
]]></system-out>
  </testcase>
  <testcase name="testLoginWithWrongEmail" classname="com.solvd.carina.demo.GsmArenaTest" time="471.672">
    <system-out><![CDATA[2023-07-25 00:20:42 Messager [TestNG-test=GSM arena web tests-1-28] [INFO] TEST [GSM arena web tests - testLoginWithWrongEmail] PASSED at [00:20:42 2023-07-25]
]]></system-out>
  </testcase>
</testsuite>